C:\Users\Alaa Boukhary\Anaconda3\envs\tf15\lib\site-packages\h5py\__init__.py:36: FutureWarning: Conversion of the second argument of issubdtype from `float` to `np.floating` is deprecated. In future, it will be treated as `np.float64 == np.dtype(float).type`.
  from ._conv import register_converters as _register_converters

C:\Users\Alaa Boukhary\Anaconda3\envs\tf15\lib\site-packages\pykwalify\core.py:99: UnsafeLoaderWarning: 
The default 'Loader' for 'load(stream)' without further arguments can be unsafe.
Use 'load(stream, Loader=ruamel.yaml.Loader)' explicitly if that is OK.
Alternatively include the following in your code:

  import warnings
  warnings.simplefilter('ignore', ruamel.yaml.error.UnsafeLoaderWarning)

In most other cases you should consider using 'safe_load(stream)'
  data = yaml.load(stream)

C:\Users\Alaa Boukhary\Anaconda3\envs\tf15\lib\site-packages\sklearn\preprocessing\label.py:151: DeprecationWarning: The truth value of an empty array is ambiguous. Returning False, but in future this will result in an error. Use `array.size > 0` to check that an array is not empty.
  if diff:

C:\Users\Alaa Boukhary\Anaconda3\envs\tf15\lib\site-packages\sklearn\preprocessing\label.py:151: DeprecationWarning: The truth value of an empty array is ambiguous. Returning False, but in future this will result in an error. Use `array.size > 0` to check that an array is not empty.
  if diff:

C:\Users\Alaa Boukhary\Anaconda3\envs\tf15\lib\site-packages\h5py\__init__.py:36: FutureWarning: Conversion of the second argument of issubdtype from `float` to `np.floating` is deprecated. In future, it will be treated as `np.float64 == np.dtype(float).type`.
  from ._conv import register_converters as _register_converters

C:\Users\Alaa Boukhary\Anaconda3\envs\tf15\lib\site-packages\pykwalify\core.py:99: UnsafeLoaderWarning: 
The default 'Loader' for 'load(stream)' without further arguments can be unsafe.
Use 'load(stream, Loader=ruamel.yaml.Loader)' explicitly if that is OK.
Alternatively include the following in your code:

  import warnings
  warnings.simplefilter('ignore', ruamel.yaml.error.UnsafeLoaderWarning)

In most other cases you should consider using 'safe_load(stream)'
  data = yaml.load(stream)

Failed to load any agent model. Running Rasa Core server with out loaded model now. invalid syntax (action.py, line 379)
C:\Users\Alaa Boukhary\Anaconda3\envs\tf15\lib\site-packages\h5py\__init__.py:36: FutureWarning: Conversion of the second argument of issubdtype from `float` to `np.floating` is deprecated. In future, it will be treated as `np.float64 == np.dtype(float).type`.
  from ._conv import register_converters as _register_converters

C:\Users\Alaa Boukhary\Anaconda3\envs\tf15\lib\site-packages\pykwalify\core.py:99: UnsafeLoaderWarning: 
The default 'Loader' for 'load(stream)' without further arguments can be unsafe.
Use 'load(stream, Loader=ruamel.yaml.Loader)' explicitly if that is OK.
Alternatively include the following in your code:

  import warnings
  warnings.simplefilter('ignore', ruamel.yaml.error.UnsafeLoaderWarning)

In most other cases you should consider using 'safe_load(stream)'
  data = yaml.load(stream)

C:\Users\Alaa Boukhary\Anaconda3\envs\tf15\lib\site-packages\sklearn\preprocessing\label.py:151: DeprecationWarning: The truth value of an empty array is ambiguous. Returning False, but in future this will result in an error. Use `array.size > 0` to check that an array is not empty.
  if diff:

Action 'input_welcome' set a slot type 'doremus-genre' that it never set during the training. This can throw of the prediction. Make sure to include training examples in your stories for the different types of slots this action can return. Remember: you need to set the slots manually in the stories by adding '- slot{"doremus-genre": null}' after the action.
Action 'input_welcome' set a slot type 'doremus-artist' that it never set during the training. This can throw of the prediction. Make sure to include training examples in your stories for the different types of slots this action can return. Remember: you need to set the slots manually in the stories by adding '- slot{"doremus-artist": null}' after the action.
Action 'input_welcome' set a slot type 'doremus-instrument' that it never set during the training. This can throw of the prediction. Make sure to include training examples in your stories for the different types of slots this action can return. Remember: you need to set the slots manually in the stories by adding '- slot{"doremus-instrument": null}' after the action.
Action 'input_welcome' set a slot type 'date-period' that it never set during the training. This can throw of the prediction. Make sure to include training examples in your stories for the different types of slots this action can return. Remember: you need to set the slots manually in the stories by adding '- slot{"date-period": null}' after the action.
Action 'input_welcome' set a slot type 'number' that it never set during the training. This can throw of the prediction. Make sure to include training examples in your stories for the different types of slots this action can return. Remember: you need to set the slots manually in the stories by adding '- slot{"number": null}' after the action.
Action 'input_welcome' set a slot type 'geo-city' that it never set during the training. This can throw of the prediction. Make sure to include training examples in your stories for the different types of slots this action can return. Remember: you need to set the slots manually in the stories by adding '- slot{"geo-city": null}' after the action.
Action 'input_welcome' set a slot type 'doremus-strictly' that it never set during the training. This can throw of the prediction. Make sure to include training examples in your stories for the different types of slots this action can return. Remember: you need to set the slots manually in the stories by adding '- slot{"doremus-strictly": null}' after the action.
C:\Users\Alaa Boukhary\Anaconda3\envs\tf15\lib\site-packages\sklearn\preprocessing\label.py:151: DeprecationWarning: The truth value of an empty array is ambiguous. Returning False, but in future this will result in an error. Use `array.size > 0` to check that an array is not empty.
  if diff:

Action 'works_by_years' set a slot type 'doremus-genre' that it never set during the training. This can throw of the prediction. Make sure to include training examples in your stories for the different types of slots this action can return. Remember: you need to set the slots manually in the stories by adding '- slot{"doremus-genre": null}' after the action.
Action 'works_by_years' set a slot type 'doremus-artist' that it never set during the training. This can throw of the prediction. Make sure to include training examples in your stories for the different types of slots this action can return. Remember: you need to set the slots manually in the stories by adding '- slot{"doremus-artist": null}' after the action.
Action 'works_by_years' set a slot type 'doremus-instrument' that it never set during the training. This can throw of the prediction. Make sure to include training examples in your stories for the different types of slots this action can return. Remember: you need to set the slots manually in the stories by adding '- slot{"doremus-instrument": null}' after the action.
Action 'works_by_years' set a slot type 'number' that it never set during the training. This can throw of the prediction. Make sure to include training examples in your stories for the different types of slots this action can return. Remember: you need to set the slots manually in the stories by adding '- slot{"number": null}' after the action.
Action 'works_by_years' set a slot type 'geo-city' that it never set during the training. This can throw of the prediction. Make sure to include training examples in your stories for the different types of slots this action can return. Remember: you need to set the slots manually in the stories by adding '- slot{"geo-city": null}' after the action.
Action 'works_by_years' set a slot type 'doremus-strictly' that it never set during the training. This can throw of the prediction. Make sure to include training examples in your stories for the different types of slots this action can return. Remember: you need to set the slots manually in the stories by adding '- slot{"doremus-strictly": null}' after the action.
Action 'works_by_years' set a slot type 'date-period' that it never set during the training. This can throw of the prediction. Make sure to include training examples in your stories for the different types of slots this action can return. Remember: you need to set the slots manually in the stories by adding '- slot{"date-period": "1999-01-01T00:00:00+00:00/2001-01-01T00:00:00+00:00"}' after the action.
